2020-10-15T00:09:21+00:00 INFO Entering process_payment
2020-10-15T00:09:21+00:00 INFO Calling Flow service: payment/create with params: {"commerceOrder":14050,"subject":"Orden: 14050 - Lida Linea Completa Chile","amount":59600,"email":"Mariabelen.carvallo@hotmail.com","urlConfirmation":"https:\/\/www.lidalineacompletachile.cl\/?wc-api=confirm_flow_webpay","urlReturn":"https:\/\/www.lidalineacompletachile.cl\/?wc-api=return_flow_webpay","paymentMethod":1}
2020-10-15T00:09:22+00:00 INFO Flow response: {"token":"FFC83171E8F563DDDA03EC36791A3231409A826A","url":"https:\/\/www.flow.cl\/app\/web\/pay.php","flowOrder":24262055}
2020-10-15T00:14:58+00:00 INFO Entering process_payment
2020-10-15T00:14:58+00:00 INFO Calling Flow service: payment/create with params: {"commerceOrder":14051,"subject":"Orden: 14051 - Lida Linea Completa Chile","amount":28000,"email":"mariluzhuenchumil20@gmail.com","urlConfirmation":"https:\/\/www.lidalineacompletachile.cl\/?wc-api=confirm_flow_webpay","urlReturn":"https:\/\/www.lidalineacompletachile.cl\/?wc-api=return_flow_webpay","paymentMethod":1}
2020-10-15T00:14:59+00:00 INFO Flow response: {"token":"D0B557285A5424F3441DBB8F1821F4B9267EA4EN","url":"https:\/\/www.flow.cl\/app\/web\/pay.php","flowOrder":24262326}
2020-10-15T00:16:19+00:00 INFO Entering the confirm callback
2020-10-15T00:16:19+00:00 INFO Calling the flow service: payment/getStatus
2020-10-15T00:16:19+00:00 INFO With params: {"token":"D0B557285A5424F3441DBB8F1821F4B9267EA4EN"}
2020-10-15T00:16:21+00:00 INFO Flow response: {"flowOrder":24262326,"commerceOrder":"14051","requestDate":"2020-10-14 21:14:59","status":2,"subject":"Orden: 14051 - Lida Linea Completa Chile","currency":"CLP","amount":"28000","payer":"mariluzhuenchumil20@gmail.com","optional":null,"pending_info":{"media":null,"date":null},"paymentData":{"date":"2020-10-14 21:16:15","media":"Webpay","conversionDate":null,"conversionRate":null,"amount":"28000.00","currency":"CLP","fee":"893.00","taxes":170,"balance":26937,"transferDate":"2020-10-15 00:00:00"},"merchantId":null}
2020-10-15T00:16:21+00:00 INFO Paying order #14051
2020-10-15T00:16:27+00:00 INFO Entering callback_return
2020-10-15T00:16:27+00:00 INFO Calling the flow service: payment/getStatus
2020-10-15T00:16:27+00:00 INFO With params: {"token":"D0B557285A5424F3441DBB8F1821F4B9267EA4EN"}
2020-10-15T00:16:28+00:00 INFO Flow result: {"flowOrder":24262326,"commerceOrder":"14051","requestDate":"2020-10-14 21:14:59","status":2,"subject":"Orden: 14051 - Lida Linea Completa Chile","currency":"CLP","amount":"28000","payer":"mariluzhuenchumil20@gmail.com","optional":null,"pending_info":{"media":null,"date":null},"paymentData":{"date":"2020-10-14 21:16:15","media":"Webpay","conversionDate":null,"conversionRate":null,"amount":"28000.00","currency":"CLP","fee":"893.00","taxes":170,"balance":26937,"transferDate":"2020-10-15 00:00:00"},"merchantId":null}
2020-10-15T00:16:28+00:00 INFO Redirecting to the success page...
2020-10-15T01:17:01+00:00 INFO Entering process_payment
2020-10-15T01:17:01+00:00 INFO Calling Flow service: payment/create with params: {"commerceOrder":14052,"subject":"Orden: 14052 - Lida Linea Completa Chile","amount":56000,"email":"maria.gonzalezur@usach.cl","urlConfirmation":"https:\/\/www.lidalineacompletachile.cl\/?wc-api=confirm_flow_webpay","urlReturn":"https:\/\/www.lidalineacompletachile.cl\/?wc-api=return_flow_webpay","paymentMethod":1}
2020-10-15T01:17:03+00:00 INFO Flow response: {"token":"C04F9F0767DD5D08C943332A25DDD432E6B1F98C","url":"https:\/\/www.flow.cl\/app\/web\/pay.php","flowOrder":24265446}
2020-10-15T01:18:31+00:00 INFO Entering the confirm callback
2020-10-15T01:18:31+00:00 INFO Calling the flow service: payment/getStatus
2020-10-15T01:18:31+00:00 INFO With params: {"token":"C04F9F0767DD5D08C943332A25DDD432E6B1F98C"}
2020-10-15T01:18:33+00:00 INFO Flow response: {"flowOrder":24265446,"commerceOrder":"14052","requestDate":"2020-10-14 22:17:03","status":2,"subject":"Orden: 14052 - Lida Linea Completa Chile","currency":"CLP","amount":"56000","payer":"maria.gonzalezur@usach.cl","optional":null,"pending_info":{"media":null,"date":null},"paymentData":{"date":"2020-10-14 22:18:28","media":"Webpay","conversionDate":null,"conversionRate":null,"amount":"56000.00","currency":"CLP","fee":"1786.00","taxes":339,"balance":53875,"transferDate":"2020-10-15 00:00:00"},"merchantId":null}
2020-10-15T01:18:33+00:00 INFO Paying order #14052
2020-10-15T01:18:42+00:00 INFO Entering callback_return
2020-10-15T01:18:42+00:00 INFO Calling the flow service: payment/getStatus
2020-10-15T01:18:42+00:00 INFO With params: {"token":"C04F9F0767DD5D08C943332A25DDD432E6B1F98C"}
2020-10-15T01:18:44+00:00 INFO Flow result: {"flowOrder":24265446,"commerceOrder":"14052","requestDate":"2020-10-14 22:17:03","status":2,"subject":"Orden: 14052 - Lida Linea Completa Chile","currency":"CLP","amount":"56000","payer":"maria.gonzalezur@usach.cl","optional":null,"pending_info":{"media":null,"date":null},"paymentData":{"date":"2020-10-14 22:18:28","media":"Webpay","conversionDate":null,"conversionRate":null,"amount":"56000.00","currency":"CLP","fee":"1786.00","taxes":339,"balance":53875,"transferDate":"2020-10-15 00:00:00"},"merchantId":null}
2020-10-15T01:18:44+00:00 INFO Redirecting to the success page...
2020-10-15T01:39:27+00:00 INFO Entering process_payment
2020-10-15T01:39:27+00:00 INFO Calling Flow service: payment/create with params: {"commerceOrder":14053,"subject":"Orden: 14053 - Lida Linea Completa Chile","amount":28200,"email":"claudiacataldo79@gmail.com","urlConfirmation":"https:\/\/www.lidalineacompletachile.cl\/?wc-api=confirm_flow_webpay","urlReturn":"https:\/\/www.lidalineacompletachile.cl\/?wc-api=return_flow_webpay","paymentMethod":1}
2020-10-15T01:39:28+00:00 INFO Flow response: {"token":"6AE42EA0B689F38AA55BD494EF1D64C6707EE53Y","url":"https:\/\/www.flow.cl\/app\/web\/pay.php","flowOrder":24266630}
2020-10-15T02:05:58+00:00 INFO Entering process_payment
2020-10-15T02:05:58+00:00 INFO Calling Flow service: payment/create with params: {"commerceOrder":14054,"subject":"Orden: 14054 - Lida Linea Completa Chile","amount":31200,"email":"mary_c_el@hotmail.com","urlConfirmation":"https:\/\/www.lidalineacompletachile.cl\/?wc-api=confirm_flow_webpay","urlReturn":"https:\/\/www.lidalineacompletachile.cl\/?wc-api=return_flow_webpay","paymentMethod":1}
2020-10-15T02:05:59+00:00 INFO Flow response: {"token":"6EB212DA1EAABD161E8F2E549F554A637AB45AFS","url":"https:\/\/www.flow.cl\/app\/web\/pay.php","flowOrder":24268002}
2020-10-15T02:29:43+00:00 INFO Entering process_payment
2020-10-15T02:29:43+00:00 INFO Calling Flow service: payment/create with params: {"commerceOrder":14055,"subject":"Orden: 14055 - Lida Linea Completa Chile","amount":28600,"email":"k.yanezg@gmail.com","urlConfirmation":"https:\/\/www.lidalineacompletachile.cl\/?wc-api=confirm_flow_webpay","urlReturn":"https:\/\/www.lidalineacompletachile.cl\/?wc-api=return_flow_webpay","paymentMethod":1}
2020-10-15T02:29:44+00:00 INFO Flow response: {"token":"8442F3925B54F8E4DC3352CAA83B24731B54344L","url":"https:\/\/www.flow.cl\/app\/web\/pay.php","flowOrder":24269086}
2020-10-15T02:34:10+00:00 INFO Entering process_payment
2020-10-15T02:34:10+00:00 INFO Calling Flow service: payment/create with params: {"commerceOrder":14055,"subject":"Orden: 14055 - Lida Linea Completa Chile","amount":28600,"email":"k.yanezg@gmail.com","urlConfirmation":"https:\/\/www.lidalineacompletachile.cl\/?wc-api=confirm_flow_webpay","urlReturn":"https:\/\/www.lidalineacompletachile.cl\/?wc-api=return_flow_webpay","paymentMethod":1}
2020-10-15T02:34:12+00:00 INFO Flow response: {"token":"C624BA5F850D73211FC8F6AB344E4FCBB0FDFD7Q","url":"https:\/\/www.flow.cl\/app\/web\/pay.php","flowOrder":24269264}
2020-10-15T02:35:38+00:00 INFO Entering the confirm callback
2020-10-15T02:35:38+00:00 INFO Calling the flow service: payment/getStatus
2020-10-15T02:35:38+00:00 INFO With params: {"token":"C624BA5F850D73211FC8F6AB344E4FCBB0FDFD7Q"}
2020-10-15T02:35:40+00:00 INFO Flow response: {"flowOrder":24269264,"commerceOrder":"14055","requestDate":"2020-10-14 23:34:12","status":2,"subject":"Orden: 14055 - Lida Linea Completa Chile","currency":"CLP","amount":"28600","payer":"k.yanezg@gmail.com","optional":null,"pending_info":{"media":null,"date":null},"paymentData":{"date":"2020-10-14 23:35:36","media":"Webpay","conversionDate":null,"conversionRate":null,"amount":"28600.00","currency":"CLP","fee":"912.00","taxes":173,"balance":27515,"transferDate":"2020-10-15 00:00:00"},"merchantId":null}
2020-10-15T02:35:40+00:00 INFO Paying order #14055
2020-10-15T02:35:46+00:00 INFO Entering callback_return
2020-10-15T02:35:46+00:00 INFO Calling the flow service: payment/getStatus
2020-10-15T02:35:46+00:00 INFO With params: {"token":"C624BA5F850D73211FC8F6AB344E4FCBB0FDFD7Q"}
2020-10-15T02:35:48+00:00 INFO Flow result: {"flowOrder":24269264,"commerceOrder":"14055","requestDate":"2020-10-14 23:34:12","status":2,"subject":"Orden: 14055 - Lida Linea Completa Chile","currency":"CLP","amount":"28600","payer":"k.yanezg@gmail.com","optional":null,"pending_info":{"media":null,"date":null},"paymentData":{"date":"2020-10-14 23:35:36","media":"Webpay","conversionDate":null,"conversionRate":null,"amount":"28600.00","currency":"CLP","fee":"912.00","taxes":173,"balance":27515,"transferDate":"2020-10-15 00:00:00"},"merchantId":null}
2020-10-15T02:35:48+00:00 INFO Redirecting to the success page...
2020-10-15T02:44:46+00:00 INFO Entering process_payment
2020-10-15T02:44:46+00:00 INFO Calling Flow service: payment/create with params: {"commerceOrder":14056,"subject":"Orden: 14056 - Lida Linea Completa Chile","amount":37990,"email":"smoralese@yahoo.com","urlConfirmation":"https:\/\/www.lidalineacompletachile.cl\/?wc-api=confirm_flow_webpay","urlReturn":"https:\/\/www.lidalineacompletachile.cl\/?wc-api=return_flow_webpay","paymentMethod":1}
2020-10-15T02:44:47+00:00 INFO Flow response: {"token":"DB76554E76D3C0C5B7F6F04DFF92B4122A0CE23R","url":"https:\/\/www.flow.cl\/app\/web\/pay.php","flowOrder":24269722}
2020-10-15T02:45:51+00:00 INFO Entering the confirm callback
2020-10-15T02:45:51+00:00 INFO Calling the flow service: payment/getStatus
2020-10-15T02:45:51+00:00 INFO With params: {"token":"DB76554E76D3C0C5B7F6F04DFF92B4122A0CE23R"}
2020-10-15T02:45:53+00:00 INFO Flow response: {"flowOrder":24269722,"commerceOrder":"14056","requestDate":"2020-10-14 23:44:47","status":2,"subject":"Orden: 14056 - Lida Linea Completa Chile","currency":"CLP","amount":"37990","payer":"smoralese@yahoo.com","optional":null,"pending_info":{"media":null,"date":null},"paymentData":{"date":"2020-10-14 23:45:49","media":"Webpay","conversionDate":null,"conversionRate":null,"amount":"37990.00","currency":"CLP","fee":"1212.00","taxes":230,"balance":36548,"transferDate":"2020-10-15 00:00:00"},"merchantId":null}
2020-10-15T02:45:53+00:00 INFO Paying order #14056
2020-10-15T02:46:03+00:00 INFO Entering callback_return
2020-10-15T02:46:03+00:00 INFO Calling the flow service: payment/getStatus
2020-10-15T02:46:03+00:00 INFO With params: {"token":"DB76554E76D3C0C5B7F6F04DFF92B4122A0CE23R"}
2020-10-15T02:46:05+00:00 INFO Flow result: {"flowOrder":24269722,"commerceOrder":"14056","requestDate":"2020-10-14 23:44:47","status":2,"subject":"Orden: 14056 - Lida Linea Completa Chile","currency":"CLP","amount":"37990","payer":"smoralese@yahoo.com","optional":null,"pending_info":{"media":null,"date":null},"paymentData":{"date":"2020-10-14 23:45:49","media":"Webpay","conversionDate":null,"conversionRate":null,"amount":"37990.00","currency":"CLP","fee":"1212.00","taxes":230,"balance":36548,"transferDate":"2020-10-15 00:00:00"},"merchantId":null}
2020-10-15T02:46:05+00:00 INFO Redirecting to the success page...
2020-10-15T03:13:37+00:00 INFO Entering process_payment
2020-10-15T03:13:37+00:00 INFO Calling Flow service: payment/create with params: {"commerceOrder":14057,"subject":"Orden: 14057 - Lida Linea Completa Chile","amount":31000,"email":"pferdenz@gmail.com","urlConfirmation":"https:\/\/www.lidalineacompletachile.cl\/?wc-api=confirm_flow_webpay","urlReturn":"https:\/\/www.lidalineacompletachile.cl\/?wc-api=return_flow_webpay","paymentMethod":1}
2020-10-15T03:13:39+00:00 INFO Flow response: {"token":"9E8AA63DE25C003B2862E2F5B481A8E16809361V","url":"https:\/\/www.flow.cl\/app\/web\/pay.php","flowOrder":24271046}
2020-10-15T03:15:32+00:00 INFO Entering the confirm callback
2020-10-15T03:15:32+00:00 INFO Calling the flow service: payment/getStatus
2020-10-15T03:15:32+00:00 INFO With params: {"token":"9E8AA63DE25C003B2862E2F5B481A8E16809361V"}
2020-10-15T03:15:34+00:00 INFO Flow response: {"flowOrder":24271046,"commerceOrder":"14057","requestDate":"2020-10-15 00:13:39","status":2,"subject":"Orden: 14057 - Lida Linea Completa Chile","currency":"CLP","amount":"31000","payer":"pferdenz@gmail.com","optional":null,"pending_info":{"media":null,"date":null},"paymentData":{"date":"2020-10-15 00:15:28","media":"Webpay","conversionDate":null,"conversionRate":null,"amount":"31000.00","currency":"CLP","fee":"989.00","taxes":188,"balance":29823,"transferDate":"2020-10-16 00:00:00"},"merchantId":null}
2020-10-15T03:15:34+00:00 INFO Paying order #14057
2020-10-15T03:15:43+00:00 INFO Entering callback_return
2020-10-15T03:15:43+00:00 INFO Calling the flow service: payment/getStatus
2020-10-15T03:15:43+00:00 INFO With params: {"token":"9E8AA63DE25C003B2862E2F5B481A8E16809361V"}
2020-10-15T03:15:45+00:00 INFO Flow result: {"flowOrder":24271046,"commerceOrder":"14057","requestDate":"2020-10-15 00:13:39","status":2,"subject":"Orden: 14057 - Lida Linea Completa Chile","currency":"CLP","amount":"31000","payer":"pferdenz@gmail.com","optional":null,"pending_info":{"media":null,"date":null},"paymentData":{"date":"2020-10-15 00:15:28","media":"Webpay","conversionDate":null,"conversionRate":null,"amount":"31000.00","currency":"CLP","fee":"989.00","taxes":188,"balance":29823,"transferDate":"2020-10-16 00:00:00"},"merchantId":null}
2020-10-15T03:15:45+00:00 INFO Redirecting to the success page...
2020-10-15T04:14:35+00:00 INFO Entering process_payment
2020-10-15T04:14:35+00:00 INFO Calling Flow service: payment/create with params: {"commerceOrder":14058,"subject":"Orden: 14058 - Lida Linea Completa Chile","amount":28000,"email":"ruth.figueroa.farias@gmail.com","urlConfirmation":"https:\/\/www.lidalineacompletachile.cl\/?wc-api=confirm_flow_webpay","urlReturn":"https:\/\/www.lidalineacompletachile.cl\/?wc-api=return_flow_webpay","paymentMethod":1}
2020-10-15T04:14:37+00:00 INFO Flow response: {"token":"414440F5ECE49657F555E4FF5DA10D384738A6EW","url":"https:\/\/www.flow.cl\/app\/web\/pay.php","flowOrder":24273443}
2020-10-15T04:18:24+00:00 INFO Entering process_payment
2020-10-15T04:18:24+00:00 INFO Calling Flow service: payment/create with params: {"commerceOrder":14058,"subject":"Orden: 14058 - Lida Linea Completa Chile","amount":28000,"email":"ruth.figueroa.farias@gmail.com","urlConfirmation":"https:\/\/www.lidalineacompletachile.cl\/?wc-api=confirm_flow_webpay","urlReturn":"https:\/\/www.lidalineacompletachile.cl\/?wc-api=return_flow_webpay","paymentMethod":1}
2020-10-15T04:18:26+00:00 INFO Flow response: {"token":"01A214FAF7075448C385601767E7FCB3A7465D9H","url":"https:\/\/www.flow.cl\/app\/web\/pay.php","flowOrder":24273543}
2020-10-15T04:26:01+00:00 INFO Entering process_payment
2020-10-15T04:26:01+00:00 INFO Calling Flow service: payment/create with params: {"commerceOrder":14058,"subject":"Orden: 14058 - Lida Linea Completa Chile","amount":28000,"email":"ruth.figueroa.farias@gmail.com","urlConfirmation":"https:\/\/www.lidalineacompletachile.cl\/?wc-api=confirm_flow_webpay","urlReturn":"https:\/\/www.lidalineacompletachile.cl\/?wc-api=return_flow_webpay","paymentMethod":1}
2020-10-15T04:26:03+00:00 INFO Flow response: {"token":"D3AA622FBDEBCFC005D67244CE4D085CC865E6BG","url":"https:\/\/www.flow.cl\/app\/web\/pay.php","flowOrder":24273737}
2020-10-15T11:11:00+00:00 INFO Entering process_payment
2020-10-15T11:11:00+00:00 INFO Calling Flow service: payment/create with params: {"commerceOrder":14059,"subject":"Orden: 14059 - Lida Linea Completa Chile","amount":59000,"email":"jehyhelena@gmail.com","urlConfirmation":"https:\/\/www.lidalineacompletachile.cl\/?wc-api=confirm_flow_webpay","urlReturn":"https:\/\/www.lidalineacompletachile.cl\/?wc-api=return_flow_webpay","paymentMethod":1}
2020-10-15T11:11:01+00:00 INFO Flow response: {"token":"912F1E6F20C78219FB5672CA87271EED5886811G","url":"https:\/\/www.flow.cl\/app\/web\/pay.php","flowOrder":24276716}
2020-10-15T11:12:41+00:00 INFO Entering the confirm callback
2020-10-15T11:12:41+00:00 INFO Calling the flow service: payment/getStatus
2020-10-15T11:12:41+00:00 INFO With params: {"token":"912F1E6F20C78219FB5672CA87271EED5886811G"}
2020-10-15T11:12:43+00:00 INFO Flow response: {"flowOrder":24276716,"commerceOrder":"14059","requestDate":"2020-10-15 08:11:01","status":2,"subject":"Orden: 14059 - Lida Linea Completa Chile","currency":"CLP","amount":"59000","payer":"jehyhelena@gmail.com","optional":null,"pending_info":{"media":null,"date":null},"paymentData":{"date":"2020-10-15 08:12:38","media":"Webpay","conversionDate":null,"conversionRate":null,"amount":"59000.00","currency":"CLP","fee":"1882.00","taxes":358,"balance":56760,"transferDate":"2020-10-16 00:00:00"},"merchantId":null}
2020-10-15T11:12:43+00:00 INFO Paying order #14059
2020-10-15T11:12:52+00:00 INFO Entering callback_return
2020-10-15T11:12:52+00:00 INFO Calling the flow service: payment/getStatus
2020-10-15T11:12:52+00:00 INFO With params: {"token":"912F1E6F20C78219FB5672CA87271EED5886811G"}
2020-10-15T11:12:54+00:00 INFO Flow result: {"flowOrder":24276716,"commerceOrder":"14059","requestDate":"2020-10-15 08:11:01","status":2,"subject":"Orden: 14059 - Lida Linea Completa Chile","currency":"CLP","amount":"59000","payer":"jehyhelena@gmail.com","optional":null,"pending_info":{"media":null,"date":null},"paymentData":{"date":"2020-10-15 08:12:38","media":"Webpay","conversionDate":null,"conversionRate":null,"amount":"59000.00","currency":"CLP","fee":"1882.00","taxes":358,"balance":56760,"transferDate":"2020-10-16 00:00:00"},"merchantId":null}
2020-10-15T11:12:54+00:00 INFO Redirecting to the success page...
2020-10-15T12:53:34+00:00 INFO Entering process_payment
2020-10-15T12:53:34+00:00 INFO Calling Flow service: payment/create with params: {"commerceOrder":14060,"subject":"Orden: 14060 - Lida Linea Completa Chile","amount":28000,"email":"pamelarosadiaz@gmail.com","urlConfirmation":"https:\/\/www.lidalineacompletachile.cl\/?wc-api=confirm_flow_webpay","urlReturn":"https:\/\/www.lidalineacompletachile.cl\/?wc-api=return_flow_webpay","paymentMethod":1}
2020-10-15T12:53:36+00:00 INFO Flow response: {"token":"66EF6A6A17AF7EBFD65BCECFA97240BF0D032E3W","url":"https:\/\/www.flow.cl\/app\/web\/pay.php","flowOrder":24278289}
2020-10-15T12:56:54+00:00 INFO Entering the confirm callback
2020-10-15T12:56:54+00:00 INFO Calling the flow service: payment/getStatus
2020-10-15T12:56:54+00:00 INFO With params: {"token":"66EF6A6A17AF7EBFD65BCECFA97240BF0D032E3W"}
2020-10-15T12:56:55+00:00 INFO Flow response: {"flowOrder":24278289,"commerceOrder":"14060","requestDate":"2020-10-15 09:53:36","status":2,"subject":"Orden: 14060 - Lida Linea Completa Chile","currency":"CLP","amount":"28000","payer":"pamelarosadiaz@gmail.com","optional":null,"pending_info":{"media":null,"date":null},"paymentData":{"date":"2020-10-15 09:56:50","media":"Webpay","conversionDate":null,"conversionRate":null,"amount":"28000.00","currency":"CLP","fee":"893.00","taxes":170,"balance":26937,"transferDate":"2020-10-16 00:00:00"},"merchantId":null}
2020-10-15T12:56:55+00:00 INFO Paying order #14060
2020-10-15T12:57:06+00:00 INFO Entering callback_return
2020-10-15T12:57:06+00:00 INFO Calling the flow service: payment/getStatus
2020-10-15T12:57:06+00:00 INFO With params: {"token":"66EF6A6A17AF7EBFD65BCECFA97240BF0D032E3W"}
2020-10-15T12:57:08+00:00 INFO Flow result: {"flowOrder":24278289,"commerceOrder":"14060","requestDate":"2020-10-15 09:53:36","status":2,"subject":"Orden: 14060 - Lida Linea Completa Chile","currency":"CLP","amount":"28000","payer":"pamelarosadiaz@gmail.com","optional":null,"pending_info":{"media":null,"date":null},"paymentData":{"date":"2020-10-15 09:56:50","media":"Webpay","conversionDate":null,"conversionRate":null,"amount":"28000.00","currency":"CLP","fee":"893.00","taxes":170,"balance":26937,"transferDate":"2020-10-16 00:00:00"},"merchantId":null}
2020-10-15T12:57:08+00:00 INFO Redirecting to the success page...
2020-10-15T13:19:05+00:00 INFO Entering process_payment
2020-10-15T13:19:05+00:00 INFO Calling Flow service: payment/create with params: {"commerceOrder":14061,"subject":"Orden: 14061 - Lida Linea Completa Chile","amount":59200,"email":"YAYITARAMOS05@GMAIL.COM","urlConfirmation":"https:\/\/www.lidalineacompletachile.cl\/?wc-api=confirm_flow_webpay","urlReturn":"https:\/\/www.lidalineacompletachile.cl\/?wc-api=return_flow_webpay","paymentMethod":1}
2020-10-15T13:19:07+00:00 INFO Flow response: {"token":"35437973DF22CBC7877F60FB773D9174F702D60I","url":"https:\/\/www.flow.cl\/app\/web\/pay.php","flowOrder":24278967}
2020-10-15T13:21:14+00:00 INFO Entering the confirm callback
2020-10-15T13:21:14+00:00 INFO Calling the flow service: payment/getStatus
2020-10-15T13:21:14+00:00 INFO With params: {"token":"35437973DF22CBC7877F60FB773D9174F702D60I"}
2020-10-15T13:21:16+00:00 INFO Flow response: {"flowOrder":24278967,"commerceOrder":"14061","requestDate":"2020-10-15 10:19:07","status":2,"subject":"Orden: 14061 - Lida Linea Completa Chile","currency":"CLP","amount":"59200","payer":"YAYITARAMOS05@GMAIL.COM","optional":null,"pending_info":{"media":null,"date":null},"paymentData":{"date":"2020-10-15 10:21:08","media":"Webpay","conversionDate":null,"conversionRate":null,"amount":"59200.00","currency":"CLP","fee":"1888.00","taxes":359,"balance":56953,"transferDate":"2020-10-16 00:00:00"},"merchantId":null}
2020-10-15T13:21:16+00:00 INFO Paying order #14061
2020-10-15T13:21:30+00:00 INFO Entering callback_return
2020-10-15T13:21:30+00:00 INFO Calling the flow service: payment/getStatus
2020-10-15T13:21:30+00:00 INFO With params: {"token":"35437973DF22CBC7877F60FB773D9174F702D60I"}
2020-10-15T13:21:32+00:00 INFO Flow result: {"flowOrder":24278967,"commerceOrder":"14061","requestDate":"2020-10-15 10:19:07","status":2,"subject":"Orden: 14061 - Lida Linea Completa Chile","currency":"CLP","amount":"59200","payer":"YAYITARAMOS05@GMAIL.COM","optional":null,"pending_info":{"media":null,"date":null},"paymentData":{"date":"2020-10-15 10:21:08","media":"Webpay","conversionDate":null,"conversionRate":null,"amount":"59200.00","currency":"CLP","fee":"1888.00","taxes":359,"balance":56953,"transferDate":"2020-10-16 00:00:00"},"merchantId":null}
2020-10-15T13:21:32+00:00 INFO Redirecting to the success page...
2020-10-15T14:08:30+00:00 INFO Entering process_payment
2020-10-15T14:08:30+00:00 INFO Calling Flow service: payment/create with params: {"commerceOrder":14062,"subject":"Orden: 14062 - Lida Linea Completa Chile","amount":28000,"email":"ruth.figueroa.farias@gmail.com","urlConfirmation":"https:\/\/www.lidalineacompletachile.cl\/?wc-api=confirm_flow_webpay","urlReturn":"https:\/\/www.lidalineacompletachile.cl\/?wc-api=return_flow_webpay","paymentMethod":1}
2020-10-15T14:08:32+00:00 INFO Flow response: {"token":"DD8DA146D188F742FDD1917C710632033DBBB7DL","url":"https:\/\/www.flow.cl\/app\/web\/pay.php","flowOrder":24280230}
2020-10-15T14:09:52+00:00 INFO Entering the confirm callback
2020-10-15T14:09:52+00:00 INFO Calling the flow service: payment/getStatus
2020-10-15T14:09:52+00:00 INFO With params: {"token":"DD8DA146D188F742FDD1917C710632033DBBB7DL"}
2020-10-15T14:09:53+00:00 INFO Flow response: {"flowOrder":24280230,"commerceOrder":"14062","requestDate":"2020-10-15 11:08:32","status":2,"subject":"Orden: 14062 - Lida Linea Completa Chile","currency":"CLP","amount":"28000","payer":"ruth.figueroa.farias@gmail.com","optional":null,"pending_info":{"media":null,"date":null},"paymentData":{"date":"2020-10-15 11:09:48","media":"Webpay","conversionDate":null,"conversionRate":null,"amount":"28000.00","currency":"CLP","fee":"893.00","taxes":170,"balance":26937,"transferDate":"2020-10-16 00:00:00"},"merchantId":null}
2020-10-15T14:09:53+00:00 INFO Paying order #14062
2020-10-15T14:10:02+00:00 INFO Entering callback_return
2020-10-15T14:10:02+00:00 INFO Calling the flow service: payment/getStatus
2020-10-15T14:10:02+00:00 INFO With params: {"token":"DD8DA146D188F742FDD1917C710632033DBBB7DL"}
2020-10-15T14:10:03+00:00 INFO Flow result: {"flowOrder":24280230,"commerceOrder":"14062","requestDate":"2020-10-15 11:08:32","status":2,"subject":"Orden: 14062 - Lida Linea Completa Chile","currency":"CLP","amount":"28000","payer":"ruth.figueroa.farias@gmail.com","optional":null,"pending_info":{"media":null,"date":null},"paymentData":{"date":"2020-10-15 11:09:48","media":"Webpay","conversionDate":null,"conversionRate":null,"amount":"28000.00","currency":"CLP","fee":"893.00","taxes":170,"balance":26937,"transferDate":"2020-10-16 00:00:00"},"merchantId":null}
2020-10-15T14:10:03+00:00 INFO Redirecting to the success page...
2020-10-15T14:11:02+00:00 INFO Entering callback_return
2020-10-15T14:11:02+00:00 INFO Calling the flow service: payment/getStatus
2020-10-15T14:11:02+00:00 INFO With params: {"token":"DD8DA146D188F742FDD1917C710632033DBBB7DL"}
2020-10-15T14:11:04+00:00 INFO Flow result: {"flowOrder":24280230,"commerceOrder":"14062","requestDate":"2020-10-15 11:08:32","status":2,"subject":"Orden: 14062 - Lida Linea Completa Chile","currency":"CLP","amount":"28000","payer":"ruth.figueroa.farias@gmail.com","optional":null,"pending_info":{"media":null,"date":null},"paymentData":{"date":"2020-10-15 11:09:48","media":"Webpay","conversionDate":null,"conversionRate":null,"amount":"28000.00","currency":"CLP","fee":"893.00","taxes":170,"balance":26937,"transferDate":"2020-10-16 00:00:00"},"merchantId":null}
2020-10-15T14:11:04+00:00 INFO Redirecting to the success page...
2020-10-15T18:16:45+00:00 INFO Entering process_payment
2020-10-15T18:16:45+00:00 INFO Calling Flow service: payment/create with params: {"commerceOrder":14063,"subject":"Orden: 14063 - Lida Linea Completa Chile","amount":31200,"email":"mary_c_el@hotmail.com","urlConfirmation":"https:\/\/www.lidalineacompletachile.cl\/?wc-api=confirm_flow_webpay","urlReturn":"https:\/\/www.lidalineacompletachile.cl\/?wc-api=return_flow_webpay","paymentMethod":1}
2020-10-15T18:16:46+00:00 INFO Flow response: {"token":"0CE0620EFF2A512A7F0177B81CF3A9B57E8E000I","url":"https:\/\/www.flow.cl\/app\/web\/pay.php","flowOrder":24290113}
2020-10-15T18:18:52+00:00 INFO Entering the confirm callback
2020-10-15T18:18:52+00:00 INFO Calling the flow service: payment/getStatus
2020-10-15T18:18:52+00:00 INFO With params: {"token":"0CE0620EFF2A512A7F0177B81CF3A9B57E8E000I"}
2020-10-15T18:18:54+00:00 INFO Flow response: {"flowOrder":24290113,"commerceOrder":"14063","requestDate":"2020-10-15 15:16:46","status":2,"subject":"Orden: 14063 - Lida Linea Completa Chile","currency":"CLP","amount":"31200","payer":"mary_c_el@hotmail.com","optional":null,"pending_info":{"media":null,"date":null},"paymentData":{"date":"2020-10-15 15:18:48","media":"Webpay","conversionDate":null,"conversionRate":null,"amount":"31200.00","currency":"CLP","fee":"995.00","taxes":189,"balance":30016,"transferDate":"2020-10-16 00:00:00"},"merchantId":null}
2020-10-15T18:18:54+00:00 INFO Paying order #14063
2020-10-15T18:19:02+00:00 INFO Entering callback_return
2020-10-15T18:19:02+00:00 INFO Calling the flow service: payment/getStatus
2020-10-15T18:19:02+00:00 INFO With params: {"token":"0CE0620EFF2A512A7F0177B81CF3A9B57E8E000I"}
2020-10-15T18:19:04+00:00 INFO Flow result: {"flowOrder":24290113,"commerceOrder":"14063","requestDate":"2020-10-15 15:16:46","status":2,"subject":"Orden: 14063 - Lida Linea Completa Chile","currency":"CLP","amount":"31200","payer":"mary_c_el@hotmail.com","optional":null,"pending_info":{"media":null,"date":null},"paymentData":{"date":"2020-10-15 15:18:48","media":"Webpay","conversionDate":null,"conversionRate":null,"amount":"31200.00","currency":"CLP","fee":"995.00","taxes":189,"balance":30016,"transferDate":"2020-10-16 00:00:00"},"merchantId":null}
2020-10-15T18:19:04+00:00 INFO Redirecting to the success page...
2020-10-15T18:24:43+00:00 INFO Entering process_payment
2020-10-15T18:24:43+00:00 INFO Calling Flow service: payment/create with params: {"commerceOrder":14064,"subject":"Orden: 14064 - Lida Linea Completa Chile","amount":59600,"email":"mariabelen.carvallo@hotmail.com","urlConfirmation":"https:\/\/www.lidalineacompletachile.cl\/?wc-api=confirm_flow_webpay","urlReturn":"https:\/\/www.lidalineacompletachile.cl\/?wc-api=return_flow_webpay","paymentMethod":1}
2020-10-15T18:24:45+00:00 INFO Flow response: {"token":"401A3C6D6785F0E06E3ABD06FDE6BC102411C7FX","url":"https:\/\/www.flow.cl\/app\/web\/pay.php","flowOrder":24290478}
2020-10-15T18:27:58+00:00 INFO Entering process_payment
2020-10-15T18:27:58+00:00 INFO Calling Flow service: payment/create with params: {"commerceOrder":14065,"subject":"Orden: 14065 - Lida Linea Completa Chile","amount":59600,"email":"mariabelen.carvallo@hotmail.com","urlConfirmation":"https:\/\/www.lidalineacompletachile.cl\/?wc-api=confirm_flow_webpay","urlReturn":"https:\/\/www.lidalineacompletachile.cl\/?wc-api=return_flow_webpay","paymentMethod":1}
2020-10-15T18:28:00+00:00 INFO Flow response: {"token":"D58722062B55383CFCA8A31E6F167487247A3A0P","url":"https:\/\/www.flow.cl\/app\/web\/pay.php","flowOrder":24290633}
2020-10-15T18:29:37+00:00 INFO Entering the confirm callback
2020-10-15T18:29:37+00:00 INFO Calling the flow service: payment/getStatus
2020-10-15T18:29:37+00:00 INFO With params: {"token":"D58722062B55383CFCA8A31E6F167487247A3A0P"}
2020-10-15T18:29:38+00:00 INFO Flow response: {"flowOrder":24290633,"commerceOrder":"14065","requestDate":"2020-10-15 15:28:00","status":2,"subject":"Orden: 14065 - Lida Linea Completa Chile","currency":"CLP","amount":"59600","payer":"mariabelen.carvallo@hotmail.com","optional":null,"pending_info":{"media":null,"date":null},"paymentData":{"date":"2020-10-15 15:29:33","media":"Webpay","conversionDate":null,"conversionRate":null,"amount":"59600.00","currency":"CLP","fee":"1901.00","taxes":361,"balance":57338,"transferDate":"2020-10-16 00:00:00"},"merchantId":null}
2020-10-15T18:29:38+00:00 INFO Paying order #14065
2020-10-15T18:29:49+00:00 INFO Entering callback_return
2020-10-15T18:29:49+00:00 INFO Calling the flow service: payment/getStatus
2020-10-15T18:29:49+00:00 INFO With params: {"token":"D58722062B55383CFCA8A31E6F167487247A3A0P"}
2020-10-15T18:29:51+00:00 INFO Flow result: {"flowOrder":24290633,"commerceOrder":"14065","requestDate":"2020-10-15 15:28:00","status":2,"subject":"Orden: 14065 - Lida Linea Completa Chile","currency":"CLP","amount":"59600","payer":"mariabelen.carvallo@hotmail.com","optional":null,"pending_info":{"media":null,"date":null},"paymentData":{"date":"2020-10-15 15:29:33","media":"Webpay","conversionDate":null,"conversionRate":null,"amount":"59600.00","currency":"CLP","fee":"1901.00","taxes":361,"balance":57338,"transferDate":"2020-10-16 00:00:00"},"merchantId":null}
2020-10-15T18:29:51+00:00 INFO Redirecting to the success page...
2020-10-15T18:48:51+00:00 INFO Entering process_payment
2020-10-15T18:48:51+00:00 INFO Calling Flow service: payment/create with params: {"commerceOrder":14066,"subject":"Orden: 14066 - Lida Linea Completa Chile","amount":31000,"email":"priscillagodoyn@gmail.com","urlConfirmation":"https:\/\/www.lidalineacompletachile.cl\/?wc-api=confirm_flow_webpay","urlReturn":"https:\/\/www.lidalineacompletachile.cl\/?wc-api=return_flow_webpay","paymentMethod":1}
2020-10-15T18:48:52+00:00 INFO Flow response: {"token":"F889D4056E6DD6CCFB05991F972AFE87372671FP","url":"https:\/\/www.flow.cl\/app\/web\/pay.php","flowOrder":24291570}
2020-10-15T18:52:10+00:00 INFO Entering the confirm callback
2020-10-15T18:52:10+00:00 INFO Calling the flow service: payment/getStatus
2020-10-15T18:52:10+00:00 INFO With params: {"token":"F889D4056E6DD6CCFB05991F972AFE87372671FP"}
2020-10-15T18:52:11+00:00 INFO Flow response: {"flowOrder":24291570,"commerceOrder":"14066","requestDate":"2020-10-15 15:48:52","status":2,"subject":"Orden: 14066 - Lida Linea Completa Chile","currency":"CLP","amount":"31000","payer":"priscillagodoyn@gmail.com","optional":null,"pending_info":{"media":null,"date":null},"paymentData":{"date":"2020-10-15 15:52:06","media":"Webpay","conversionDate":null,"conversionRate":null,"amount":"31000.00","currency":"CLP","fee":"989.00","taxes":188,"balance":29823,"transferDate":"2020-10-16 00:00:00"},"merchantId":null}
2020-10-15T18:52:11+00:00 INFO Paying order #14066
2020-10-15T18:56:56+00:00 INFO Entering callback_return
2020-10-15T18:56:56+00:00 INFO Calling the flow service: payment/getStatus
2020-10-15T18:56:56+00:00 INFO With params: {"token":"F889D4056E6DD6CCFB05991F972AFE87372671FP"}
2020-10-15T18:56:57+00:00 INFO Flow result: {"flowOrder":24291570,"commerceOrder":"14066","requestDate":"2020-10-15 15:48:52","status":2,"subject":"Orden: 14066 - Lida Linea Completa Chile","currency":"CLP","amount":"31000","payer":"priscillagodoyn@gmail.com","optional":null,"pending_info":{"media":null,"date":null},"paymentData":{"date":"2020-10-15 15:52:06","media":"Webpay","conversionDate":null,"conversionRate":null,"amount":"31000.00","currency":"CLP","fee":"989.00","taxes":188,"balance":29823,"transferDate":"2020-10-16 00:00:00"},"merchantId":null}
2020-10-15T18:56:57+00:00 INFO Redirecting to the success page...
2020-10-15T19:48:02+00:00 INFO Entering process_payment
2020-10-15T19:48:02+00:00 INFO Calling Flow service: payment/create with params: {"commerceOrder":14067,"subject":"Orden: 14067 - Lida Linea Completa Chile","amount":28200,"email":"marole15@gmail.com","urlConfirmation":"https:\/\/www.lidalineacompletachile.cl\/?wc-api=confirm_flow_webpay","urlReturn":"https:\/\/www.lidalineacompletachile.cl\/?wc-api=return_flow_webpay","paymentMethod":1}
2020-10-15T19:48:04+00:00 INFO Flow response: {"token":"8759EBF04A3B5585AC3CE461F7903743B84FFD7X","url":"https:\/\/www.flow.cl\/app\/web\/pay.php","flowOrder":24294431}
2020-10-15T19:49:11+00:00 INFO Entering the confirm callback
2020-10-15T19:49:11+00:00 INFO Calling the flow service: payment/getStatus
2020-10-15T19:49:11+00:00 INFO With params: {"token":"8759EBF04A3B5585AC3CE461F7903743B84FFD7X"}
2020-10-15T19:49:13+00:00 INFO Flow response: {"flowOrder":24294431,"commerceOrder":"14067","requestDate":"2020-10-15 16:48:04","status":2,"subject":"Orden: 14067 - Lida Linea Completa Chile","currency":"CLP","amount":"28200","payer":"marole15@gmail.com","optional":null,"pending_info":{"media":null,"date":null},"paymentData":{"date":"2020-10-15 16:49:09","media":"Webpay","conversionDate":null,"conversionRate":null,"amount":"28200.00","currency":"CLP","fee":"900.00","taxes":171,"balance":27129,"transferDate":"2020-10-16 00:00:00"},"merchantId":null}
2020-10-15T19:49:13+00:00 INFO Paying order #14067
2020-10-15T19:49:22+00:00 INFO Entering callback_return
2020-10-15T19:49:22+00:00 INFO Calling the flow service: payment/getStatus
2020-10-15T19:49:22+00:00 INFO With params: {"token":"8759EBF04A3B5585AC3CE461F7903743B84FFD7X"}
2020-10-15T19:49:24+00:00 INFO Flow result: {"flowOrder":24294431,"commerceOrder":"14067","requestDate":"2020-10-15 16:48:04","status":2,"subject":"Orden: 14067 - Lida Linea Completa Chile","currency":"CLP","amount":"28200","payer":"marole15@gmail.com","optional":null,"pending_info":{"media":null,"date":null},"paymentData":{"date":"2020-10-15 16:49:09","media":"Webpay","conversionDate":null,"conversionRate":null,"amount":"28200.00","currency":"CLP","fee":"900.00","taxes":171,"balance":27129,"transferDate":"2020-10-16 00:00:00"},"merchantId":null}
2020-10-15T19:49:24+00:00 INFO Redirecting to the success page...
2020-10-15T20:56:15+00:00 INFO Entering process_payment
2020-10-15T20:56:15+00:00 INFO Calling Flow service: payment/create with params: {"commerceOrder":14068,"subject":"Orden: 14068 - Lida Linea Completa Chile","amount":31200,"email":"Tnsm.jara@gmail.com","urlConfirmation":"https:\/\/www.lidalineacompletachile.cl\/?wc-api=confirm_flow_webpay","urlReturn":"https:\/\/www.lidalineacompletachile.cl\/?wc-api=return_flow_webpay","paymentMethod":1}
2020-10-15T20:56:16+00:00 INFO Flow response: {"token":"26C77FE5D7057FDE4E0FC417399F11B3A809E25M","url":"https:\/\/www.flow.cl\/app\/web\/pay.php","flowOrder":24297627}
2020-10-15T20:58:48+00:00 INFO Entering callback_return
2020-10-15T20:58:48+00:00 INFO Calling the flow service: payment/getStatus
2020-10-15T20:58:48+00:00 INFO With params: {"token":"26C77FE5D7057FDE4E0FC417399F11B3A809E25M"}
2020-10-15T20:58:50+00:00 INFO Flow result: {"flowOrder":24297627,"commerceOrder":"14068","requestDate":"2020-10-15 17:56:16","status":1,"subject":"Orden: 14068 - Lida Linea Completa Chile","currency":"CLP","amount":"31200","payer":"Tnsm.jara@gmail.com","optional":null,"pending_info":{"media":null,"date":null},"paymentData":{"date":null,"media":null,"conversionDate":null,"conversionRate":null,"amount":null,"fee":null,"balance":null,"transferDate":null},"merchantId":null}
2020-10-15T20:58:50+00:00 INFO User canceled the payment. Redirecting to checkout...
2020-10-15T20:59:23+00:00 INFO Entering process_payment
2020-10-15T20:59:23+00:00 INFO Calling Flow service: payment/create with params: {"commerceOrder":14068,"subject":"Orden: 14068 - Lida Linea Completa Chile","amount":31200,"email":"Tnsm.jara@gmail.com","urlConfirmation":"https:\/\/www.lidalineacompletachile.cl\/?wc-api=confirm_flow_webpay","urlReturn":"https:\/\/www.lidalineacompletachile.cl\/?wc-api=return_flow_webpay","paymentMethod":1}
2020-10-15T20:59:25+00:00 INFO Flow response: {"token":"32900D903238FA810319855869580B4CF146703L","url":"https:\/\/www.flow.cl\/app\/web\/pay.php","flowOrder":24297781}
2020-10-15T21:06:19+00:00 INFO Entering callback_return
2020-10-15T21:06:19+00:00 INFO Entering the confirm callback
2020-10-15T21:06:19+00:00 INFO Calling the flow service: payment/getStatus
2020-10-15T21:06:19+00:00 INFO Calling the flow service: payment/getStatus
2020-10-15T21:06:19+00:00 INFO With params: {"token":"32900D903238FA810319855869580B4CF146703L"}
2020-10-15T21:06:19+00:00 INFO With params: {"token":"32900D903238FA810319855869580B4CF146703L"}
2020-10-15T21:06:21+00:00 INFO Flow result: {"flowOrder":24297781,"commerceOrder":"14068","requestDate":"2020-10-15 17:59:25","status":3,"subject":"Orden: 14068 - Lida Linea Completa Chile","currency":"CLP","amount":"31200","payer":"Tnsm.jara@gmail.com","optional":null,"pending_info":{"media":null,"date":null},"paymentData":{"date":null,"media":null,"conversionDate":null,"conversionRate":null,"amount":null,"fee":null,"balance":null,"transferDate":null},"merchantId":null}
2020-10-15T21:06:21+00:00 INFO Rejecting order #14068
2020-10-15T21:06:21+00:00 INFO Flow response: {"flowOrder":24297781,"commerceOrder":"14068","requestDate":"2020-10-15 17:59:25","status":3,"subject":"Orden: 14068 - Lida Linea Completa Chile","currency":"CLP","amount":"31200","payer":"Tnsm.jara@gmail.com","optional":null,"pending_info":{"media":null,"date":null},"paymentData":{"date":null,"media":null,"conversionDate":null,"conversionRate":null,"amount":null,"fee":null,"balance":null,"transferDate":null},"merchantId":null}
2020-10-15T21:06:21+00:00 INFO Rejecting order #14068
2020-10-15T21:06:21+00:00 INFO Redirecting to the failure page...
2020-10-15T21:07:30+00:00 INFO Entering process_payment
2020-10-15T21:07:30+00:00 INFO Calling Flow service: payment/create with params: {"commerceOrder":14068,"subject":"Orden: 14068 - Lida Linea Completa Chile","amount":31200,"email":"Tnsm.jara@gmail.com","urlConfirmation":"https:\/\/www.lidalineacompletachile.cl\/?wc-api=confirm_flow_webpay","urlReturn":"https:\/\/www.lidalineacompletachile.cl\/?wc-api=return_flow_webpay","paymentMethod":1}
2020-10-15T21:07:31+00:00 INFO Flow response: {"token":"0AB33A4F8E32192B745B8FDC5072BB3659B89B4U","url":"https:\/\/www.flow.cl\/app\/web\/pay.php","flowOrder":24298168}
2020-10-15T21:41:58+00:00 INFO Entering process_payment
2020-10-15T21:41:58+00:00 INFO Calling Flow service: payment/create with params: {"commerceOrder":14069,"subject":"Orden: 14069 - Lida Linea Completa Chile","amount":31000,"email":"naty.munozl@gmail.com","urlConfirmation":"https:\/\/www.lidalineacompletachile.cl\/?wc-api=confirm_flow_webpay","urlReturn":"https:\/\/www.lidalineacompletachile.cl\/?wc-api=return_flow_webpay","paymentMethod":1}
2020-10-15T21:41:59+00:00 INFO Flow response: {"token":"803D6C8FEBB9C872CEA4B61B2DA845F528CF63DG","url":"https:\/\/www.flow.cl\/app\/web\/pay.php","flowOrder":24299734}
2020-10-15T21:43:08+00:00 INFO Entering process_payment
2020-10-15T21:43:08+00:00 INFO Calling Flow service: payment/create with params: {"commerceOrder":14070,"subject":"Orden: 14070 - Lida Linea Completa Chile","amount":31200,"email":"a.karen480@gmail.com","urlConfirmation":"https:\/\/www.lidalineacompletachile.cl\/?wc-api=confirm_flow_webpay","urlReturn":"https:\/\/www.lidalineacompletachile.cl\/?wc-api=return_flow_webpay","paymentMethod":1}
2020-10-15T21:43:09+00:00 INFO Flow response: {"token":"68ACCAF94DF3C6C89E376AB617DCDAAC79E20EDF","url":"https:\/\/www.flow.cl\/app\/web\/pay.php","flowOrder":24299787}
2020-10-15T21:44:11+00:00 INFO Entering the confirm callback
2020-10-15T21:44:11+00:00 INFO Calling the flow service: payment/getStatus
2020-10-15T21:44:11+00:00 INFO With params: {"token":"803D6C8FEBB9C872CEA4B61B2DA845F528CF63DG"}
2020-10-15T21:44:13+00:00 INFO Flow response: {"flowOrder":24299734,"commerceOrder":"14069","requestDate":"2020-10-15 18:41:59","status":2,"subject":"Orden: 14069 - Lida Linea Completa Chile","currency":"CLP","amount":"31000","payer":"naty.munozl@gmail.com","optional":null,"pending_info":{"media":null,"date":null},"paymentData":{"date":"2020-10-15 18:44:07","media":"Webpay","conversionDate":null,"conversionRate":null,"amount":"31000.00","currency":"CLP","fee":"989.00","taxes":188,"balance":29823,"transferDate":"2020-10-16 00:00:00"},"merchantId":null}
2020-10-15T21:44:13+00:00 INFO Paying order #14069
2020-10-15T21:44:23+00:00 INFO Entering callback_return
2020-10-15T21:44:23+00:00 INFO Calling the flow service: payment/getStatus
2020-10-15T21:44:23+00:00 INFO With params: {"token":"803D6C8FEBB9C872CEA4B61B2DA845F528CF63DG"}
2020-10-15T21:44:24+00:00 INFO Flow result: {"flowOrder":24299734,"commerceOrder":"14069","requestDate":"2020-10-15 18:41:59","status":2,"subject":"Orden: 14069 - Lida Linea Completa Chile","currency":"CLP","amount":"31000","payer":"naty.munozl@gmail.com","optional":null,"pending_info":{"media":null,"date":null},"paymentData":{"date":"2020-10-15 18:44:07","media":"Webpay","conversionDate":null,"conversionRate":null,"amount":"31000.00","currency":"CLP","fee":"989.00","taxes":188,"balance":29823,"transferDate":"2020-10-16 00:00:00"},"merchantId":null}
2020-10-15T21:44:24+00:00 INFO Redirecting to the success page...
2020-10-15T21:44:38+00:00 INFO Entering the confirm callback
2020-10-15T21:44:38+00:00 INFO Calling the flow service: payment/getStatus
2020-10-15T21:44:38+00:00 INFO With params: {"token":"68ACCAF94DF3C6C89E376AB617DCDAAC79E20EDF"}
2020-10-15T21:44:39+00:00 INFO Flow response: {"flowOrder":24299787,"commerceOrder":"14070","requestDate":"2020-10-15 18:43:09","status":2,"subject":"Orden: 14070 - Lida Linea Completa Chile","currency":"CLP","amount":"31200","payer":"a.karen480@gmail.com","optional":null,"pending_info":{"media":null,"date":null},"paymentData":{"date":"2020-10-15 18:44:35","media":"Webpay","conversionDate":null,"conversionRate":null,"amount":"31200.00","currency":"CLP","fee":"995.00","taxes":189,"balance":30016,"transferDate":"2020-10-16 00:00:00"},"merchantId":null}
2020-10-15T21:44:39+00:00 INFO Paying order #14070
2020-10-15T21:45:36+00:00 INFO Entering callback_return
2020-10-15T21:45:36+00:00 INFO Calling the flow service: payment/getStatus
2020-10-15T21:45:36+00:00 INFO With params: {"token":"68ACCAF94DF3C6C89E376AB617DCDAAC79E20EDF"}
2020-10-15T21:45:38+00:00 INFO Flow result: {"flowOrder":24299787,"commerceOrder":"14070","requestDate":"2020-10-15 18:43:09","status":2,"subject":"Orden: 14070 - Lida Linea Completa Chile","currency":"CLP","amount":"31200","payer":"a.karen480@gmail.com","optional":null,"pending_info":{"media":null,"date":null},"paymentData":{"date":"2020-10-15 18:44:35","media":"Webpay","conversionDate":null,"conversionRate":null,"amount":"31200.00","currency":"CLP","fee":"995.00","taxes":189,"balance":30016,"transferDate":"2020-10-16 00:00:00"},"merchantId":null}
2020-10-15T21:45:38+00:00 INFO Redirecting to the success page...
2020-10-15T21:47:48+00:00 INFO Entering callback_return
2020-10-15T21:47:48+00:00 INFO Calling the flow service: payment/getStatus
2020-10-15T21:47:48+00:00 INFO With params: {"token":"26C77FE5D7057FDE4E0FC417399F11B3A809E25M"}
2020-10-15T21:47:49+00:00 INFO Flow result: {"flowOrder":24297627,"commerceOrder":"14068","requestDate":"2020-10-15 17:56:16","status":1,"subject":"Orden: 14068 - Lida Linea Completa Chile","currency":"CLP","amount":"31200","payer":"Tnsm.jara@gmail.com","optional":null,"pending_info":{"media":null,"date":null},"paymentData":{"date":null,"media":null,"conversionDate":null,"conversionRate":null,"amount":null,"fee":null,"balance":null,"transferDate":null},"merchantId":null}
2020-10-15T21:47:49+00:00 INFO User canceled the payment. Redirecting to checkout...
2020-10-15T21:48:14+00:00 INFO Entering process_payment
2020-10-15T21:48:14+00:00 INFO Calling Flow service: payment/create with params: {"commerceOrder":14068,"subject":"Orden: 14068 - Lida Linea Completa Chile","amount":31200,"email":"Tnsm.jara@gmail.com","urlConfirmation":"https:\/\/www.lidalineacompletachile.cl\/?wc-api=confirm_flow_webpay","urlReturn":"https:\/\/www.lidalineacompletachile.cl\/?wc-api=return_flow_webpay","paymentMethod":1}
2020-10-15T21:48:16+00:00 INFO Flow response: {"token":"6780545D4A86A09A3DBDF4B0F64078BEA8067F6X","url":"https:\/\/www.flow.cl\/app\/web\/pay.php","flowOrder":24300031}
2020-10-15T21:50:41+00:00 INFO Entering the confirm callback
2020-10-15T21:50:41+00:00 INFO Calling the flow service: payment/getStatus
2020-10-15T21:50:41+00:00 INFO With params: {"token":"6780545D4A86A09A3DBDF4B0F64078BEA8067F6X"}
2020-10-15T21:50:42+00:00 INFO Flow response: {"flowOrder":24300031,"commerceOrder":"14068","requestDate":"2020-10-15 18:48:15","status":2,"subject":"Orden: 14068 - Lida Linea Completa Chile","currency":"CLP","amount":"31200","payer":"Tnsm.jara@gmail.com","optional":null,"pending_info":{"media":null,"date":null},"paymentData":{"date":"2020-10-15 18:50:37","media":"Webpay","conversionDate":null,"conversionRate":null,"amount":"31200.00","currency":"CLP","fee":"995.00","taxes":189,"balance":30016,"transferDate":"2020-10-16 00:00:00"},"merchantId":null}
2020-10-15T21:50:42+00:00 INFO Paying order #14068
2020-10-15T21:50:54+00:00 INFO Entering callback_return
2020-10-15T21:50:54+00:00 INFO Calling the flow service: payment/getStatus
2020-10-15T21:50:54+00:00 INFO With params: {"token":"6780545D4A86A09A3DBDF4B0F64078BEA8067F6X"}
2020-10-15T21:50:55+00:00 INFO Flow result: {"flowOrder":24300031,"commerceOrder":"14068","requestDate":"2020-10-15 18:48:15","status":2,"subject":"Orden: 14068 - Lida Linea Completa Chile","currency":"CLP","amount":"31200","payer":"Tnsm.jara@gmail.com","optional":null,"pending_info":{"media":null,"date":null},"paymentData":{"date":"2020-10-15 18:50:37","media":"Webpay","conversionDate":null,"conversionRate":null,"amount":"31200.00","currency":"CLP","fee":"995.00","taxes":189,"balance":30016,"transferDate":"2020-10-16 00:00:00"},"merchantId":null}
2020-10-15T21:50:55+00:00 INFO Redirecting to the success page...
2020-10-15T21:52:04+00:00 INFO Entering callback_return
2020-10-15T21:52:04+00:00 INFO Calling the flow service: payment/getStatus
2020-10-15T21:52:04+00:00 INFO With params: {"token":"6780545D4A86A09A3DBDF4B0F64078BEA8067F6X"}
2020-10-15T21:52:05+00:00 INFO Flow result: {"flowOrder":24300031,"commerceOrder":"14068","requestDate":"2020-10-15 18:48:15","status":2,"subject":"Orden: 14068 - Lida Linea Completa Chile","currency":"CLP","amount":"31200","payer":"Tnsm.jara@gmail.com","optional":null,"pending_info":{"media":null,"date":null},"paymentData":{"date":"2020-10-15 18:50:37","media":"Webpay","conversionDate":null,"conversionRate":null,"amount":"31200.00","currency":"CLP","fee":"995.00","taxes":189,"balance":30016,"transferDate":"2020-10-16 00:00:00"},"merchantId":null}
2020-10-15T21:52:05+00:00 INFO Redirecting to the success page...
2020-10-15T23:21:16+00:00 INFO Entering process_payment
2020-10-15T23:21:16+00:00 INFO Calling Flow service: payment/create with params: {"commerceOrder":14071,"subject":"Orden: 14071 - Lida Linea Completa Chile","amount":31200,"email":"caro.gil.uribe@gmail.com","urlConfirmation":"https:\/\/www.lidalineacompletachile.cl\/?wc-api=confirm_flow_webpay","urlReturn":"https:\/\/www.lidalineacompletachile.cl\/?wc-api=return_flow_webpay","paymentMethod":1}
2020-10-15T23:21:18+00:00 INFO Flow response: {"token":"71AF29281E7C1AB4F8A1D1121750DBAB86BC6CFC","url":"https:\/\/www.flow.cl\/app\/web\/pay.php","flowOrder":24304146}
2020-10-15T23:22:58+00:00 INFO Entering the confirm callback
2020-10-15T23:22:58+00:00 INFO Calling the flow service: payment/getStatus
2020-10-15T23:22:58+00:00 INFO With params: {"token":"71AF29281E7C1AB4F8A1D1121750DBAB86BC6CFC"}
2020-10-15T23:22:59+00:00 INFO Flow response: {"flowOrder":24304146,"commerceOrder":"14071","requestDate":"2020-10-15 20:21:18","status":2,"subject":"Orden: 14071 - Lida Linea Completa Chile","currency":"CLP","amount":"31200","payer":"caro.gil.uribe@gmail.com","optional":null,"pending_info":{"media":null,"date":null},"paymentData":{"date":"2020-10-15 20:22:54","media":"Webpay","conversionDate":null,"conversionRate":null,"amount":"31200.00","currency":"CLP","fee":"995.00","taxes":189,"balance":30016,"transferDate":"2020-10-16 00:00:00"},"merchantId":null}
2020-10-15T23:22:59+00:00 INFO Paying order #14071
2020-10-15T23:23:11+00:00 INFO Entering callback_return
2020-10-15T23:23:11+00:00 INFO Calling the flow service: payment/getStatus
2020-10-15T23:23:11+00:00 INFO With params: {"token":"71AF29281E7C1AB4F8A1D1121750DBAB86BC6CFC"}
2020-10-15T23:23:12+00:00 INFO Flow result: {"flowOrder":24304146,"commerceOrder":"14071","requestDate":"2020-10-15 20:21:18","status":2,"subject":"Orden: 14071 - Lida Linea Completa Chile","currency":"CLP","amount":"31200","payer":"caro.gil.uribe@gmail.com","optional":null,"pending_info":{"media":null,"date":null},"paymentData":{"date":"2020-10-15 20:22:54","media":"Webpay","conversionDate":null,"conversionRate":null,"amount":"31200.00","currency":"CLP","fee":"995.00","taxes":189,"balance":30016,"transferDate":"2020-10-16 00:00:00"},"merchantId":null}
2020-10-15T23:23:12+00:00 INFO Redirecting to the success page...
